[debug] [2024-09-25T10:10:52.161Z] ----------------------------------------------------------------------
[debug] [2024-09-25T10:10:52.171Z] Command:       C:\Program Files\nodejs\node.exe C:\Users\mypc\AppData\Roaming\npm\node_modules\firebase-tools\lib\bin\firebase.js init
[debug] [2024-09-25T10:10:52.180Z] CLI Version:   13.19.0
[debug] [2024-09-25T10:10:52.185Z] Platform:      win32
[debug] [2024-09-25T10:10:52.187Z] Node Version:  v20.17.0
[debug] [2024-09-25T10:10:52.190Z] Time:          Wed Sep 25 2024 15:40:52 GMT+0530 (India Standard Time)
[debug] [2024-09-25T10:10:52.193Z] ----------------------------------------------------------------------
[debug] 
[debug] [2024-09-25T10:10:52.261Z] >>> [apiv2][query] GET https://firebase-public.firebaseio.com/cli.json [none]
[debug] [2024-09-25T10:10:52.484Z] > command requires scopes: ["email","openid","https://www.googleapis.com/auth/cloudplatformprojects.readonly","https://www.googleapis.com/auth/firebase","https://www.googleapis.com/auth/cloud-platform"]
[debug] [2024-09-25T10:10:52.487Z] > authorizing via signed-in user (gaddevasanthireddy@gmail.com)
[info] 
     ######## #### ########  ######## ########     ###     ######  ########
     ##        ##  ##     ## ##       ##     ##  ##   ##  ##       ##
     ######    ##  ########  ######   ########  #########  ######  ######
     ##        ##  ##    ##  ##       ##     ## ##     ##       ## ##
     ##       #### ##     ## ######## ########  ##     ##  ######  ########

You're about to initialize a Firebase project in this directory:

  C:\Users\mypc\OneDrive\Desktop\project

[debug] [2024-09-25T10:10:53.170Z] <<< [apiv2][status] GET https://firebase-public.firebaseio.com/cli.json 200
[debug] [2024-09-25T10:10:53.171Z] <<< [apiv2][body] GET https://firebase-public.firebaseio.com/cli.json {"cloudBuildErrorAfter":1594252800000,"cloudBuildWarnAfter":1590019200000,"defaultNode10After":1594252800000,"minVersion":"3.0.5","node8DeploysDisabledAfter":1613390400000,"node8RuntimeDisabledAfter":1615809600000,"node8WarnAfter":1600128000000}
[info] 
=== Project Setup
[info] 
[info] First, let's associate this project directory with a Firebase project.
[info] You can create multiple project aliases by running firebase use --add, 
[info] but for now we'll just set up a default project.
[info] 
